Terminals unused in grammar

    TOKEN_string_constant
    TOKEN_eof
    TOKEN_error


Grammar

    0 $accept: Program $end

    1 Program: CompUnit

    2 CompUnit: CompUnit Decl
    3         | CompUnit FuncDef
    4         | Decl
    5         | FuncDef

    6 Decl: ConstDecl
    7     | VarDecl

    8 ConstDecl: TOKEN_const TOKEN_int ConstDefList TOKEN_semi

    9 ConstDefList: ConstDef
   10             | ConstDefList TOKEN_comma ConstDef

   11 ConstDef: TOKEN_identifier Array TOKEN_equal ConstInitVal

   12 Array: Array TOKEN_l_square ConstExp TOKEN_r_square
   13      | %empty

   14 ConstInitVal: ConstExp
   15             | TOKEN_l_brace ConstInitValList TOKEN_r_brace

   16 ConstInitValList: ConstInitVal
   17                 | ConstInitValList TOKEN_comma ConstInitVal
   18                 | %empty

   19 VarDecl: TOKEN_int VarDefList TOKEN_semi

   20 VarDefList: VarDef
   21           | VarDefList TOKEN_comma VarDef

   22 VarDef: TOKEN_identifier Array
   23       | TOKEN_identifier Array TOKEN_equal InitVal

   24 InitVal: Exp
   25        | TOKEN_l_brace InitValList TOKEN_r_brace

   26 InitValList: InitVal
   27            | InitValList TOKEN_comma InitVal
   28            | %empty

   29 FuncDef: TOKEN_void TOKEN_identifier TOKEN_l_paren FuncFParams TOKEN_r_paren Block
   30        | TOKEN_int TOKEN_identifier TOKEN_l_paren FuncFParams TOKEN_r_paren Block

   31 FuncFParams: FuncFParam
   32            | FuncFParams TOKEN_comma FuncFParam
   33            | %empty

   34 FuncFParam: TOKEN_int TOKEN_identifier
   35           | TOKEN_int TOKEN_identifier TOKEN_l_square TOKEN_r_square DynArray

   36 DynArray: DynArray TOKEN_l_square Exp TOKEN_r_square
   37         | %empty

   38 Block: TOKEN_l_brace BlockItemList TOKEN_r_brace

   39 BlockItemList: BlockItemList BlockItem
   40              | %empty

   41 BlockItem: Decl
   42          | Stmt

   43 Stmt: MatchedStmt
   44     | OpenStmt

   45 MatchedStmt: TOKEN_if TOKEN_l_paren Cond TOKEN_r_paren MatchedStmt TOKEN_else MatchedStmt
   46            | LVal TOKEN_equal Exp TOKEN_semi
   47            | Exp TOKEN_semi
   48            | TOKEN_semi
   49            | Block
   50            | TOKEN_while TOKEN_l_paren Cond TOKEN_r_paren MatchedStmt
   51            | TOKEN_break TOKEN_semi
   52            | TOKEN_continue TOKEN_semi
   53            | TOKEN_return Exp TOKEN_semi
   54            | TOKEN_return TOKEN_semi

   55 OpenStmt: TOKEN_if TOKEN_l_paren Cond TOKEN_r_paren Stmt
   56         | TOKEN_if TOKEN_l_paren Cond TOKEN_r_paren MatchedStmt TOKEN_else OpenStmt
   57         | TOKEN_while TOKEN_l_paren Cond TOKEN_r_paren OpenStmt

   58 Exp: Exp TOKEN_plus Exp
   59    | Exp TOKEN_minus Exp
   60    | Exp TOKEN_star Exp
   61    | Exp TOKEN_slash Exp
   62    | Exp TOKEN_percent Exp
   63    | TOKEN_plus Exp
   64    | TOKEN_minus Exp
   65    | TOKEN_l_paren Exp TOKEN_r_paren
   66    | LVal
   67    | TOKEN_identifier TOKEN_l_paren FuncRParams TOKEN_r_paren
   68    | Number

   69 FuncRParams: ExpList

   70 ExpList: Exp
   71        | ExpList TOKEN_comma Exp
   72        | %empty

   73 LVal: TOKEN_identifier DynArray

   74 Cond: Exp TOKEN_equalequal Exp
   75     | Exp TOKEN_exclaimequal Exp
   76     | Exp TOKEN_less Exp
   77     | Exp TOKEN_greater Exp
   78     | Exp TOKEN_lessequal Exp
   79     | Exp TOKEN_greaterequal Exp
   80     | TOKEN_l_paren Cond TOKEN_r_paren
   81     | TOKEN_exclaim Cond
   82     | Cond TOKEN_ampamp Cond
   83     | Cond TOKEN_pipepipe Cond

   84 ConstExp: ConstExp TOKEN_plus ConstExp
   85         | ConstExp TOKEN_minus ConstExp
   86         | ConstExp TOKEN_star ConstExp
   87         | ConstExp TOKEN_slash ConstExp
   88         | ConstExp TOKEN_percent ConstExp
   89         | TOKEN_plus ConstExp
   90         | TOKEN_minus ConstExp
   91         | TOKEN_l_paren ConstExp TOKEN_r_paren
   92         | Number

   93 Number: TOKEN_numeric_constant


Terminals, with rules where they appear

    $end (0) 0
    error (256)
    TOKEN_identifier <raw_symbol> (258) 11 22 23 29 30 34 35 67 73
    TOKEN_numeric_constant <raw_int> (259) 93
    TOKEN_string_constant <raw_str> (260)
    TOKEN_const (261) 8
    TOKEN_int (262) 8 19 30 34 35
    TOKEN_void (263) 29
    TOKEN_if (264) 45 55 56
    TOKEN_else (265) 45 56
    TOKEN_while (266) 50 57
    TOKEN_break (267) 51
    TOKEN_continue (268) 52
    TOKEN_return (269) 53 54
    TOKEN_comma (270) 10 17 21 27 32 71
    TOKEN_semi (271) 8 19 46 47 48 51 52 53 54
    TOKEN_l_brace (272) 15 25 38
    TOKEN_l_paren (273) 29 30 45 50 55 56 57 65 67 80 91
    TOKEN_l_square (274) 12 35 36
    TOKEN_r_brace (275) 15 25 38
    TOKEN_r_paren (276) 29 30 45 50 55 56 57 65 67 80 91
    TOKEN_r_square (277) 12 35 36
    TOKEN_equal (278) 11 23 46
    TOKEN_exclaim (279) 81
    TOKEN_ampamp (280) 82
    TOKEN_pipepipe (281) 83
    TOKEN_equalequal (282) 74
    TOKEN_exclaimequal (283) 75
    TOKEN_less (284) 76
    TOKEN_greater (285) 77
    TOKEN_lessequal (286) 78
    TOKEN_greaterequal (287) 79
    TOKEN_plus (288) 58 63 84 89
    TOKEN_minus (289) 59 64 85 90
    TOKEN_star (290) 60 86
    TOKEN_slash (291) 61 87
    TOKEN_percent (292) 62 88
    TOKEN_eof (293)
    TOKEN_error (294)


Nonterminals, with rules where they appear

    $accept (40)
        on left: 0
    Program (41)
        on left: 1
        on right: 0
    CompUnit <PtrCompUnit> (42)
        on left: 2 3 4 5
        on right: 1 2 3
    Decl <PtrDecl> (43)
        on left: 6 7
        on right: 2 4 41
    ConstDecl <PtrConstDecl> (44)
        on left: 8
        on right: 6
    ConstDefList <PtrConstDefList> (45)
        on left: 9 10
        on right: 8 10
    ConstDef <PtrConstDef> (46)
        on left: 11
        on right: 9 10
    Array <PtrArray> (47)
        on left: 12 13
        on right: 11 12 22 23
    ConstInitVal <PtrConstInitVal> (48)
        on left: 14 15
        on right: 11 16 17
    ConstInitValList <PtrConstInitValList> (49)
        on left: 16 17 18
        on right: 15 17
    VarDecl <PtrVarDecl> (50)
        on left: 19
        on right: 7
    VarDefList <PtrVarDefList> (51)
        on left: 20 21
        on right: 19 21
    VarDef <PtrVarDef> (52)
        on left: 22 23
        on right: 20 21
    InitVal <PtrInitVal> (53)
        on left: 24 25
        on right: 23 26 27
    InitValList <PtrInitValList> (54)
        on left: 26 27 28
        on right: 25 27
    FuncDef <PtrFuncDef> (55)
        on left: 29 30
        on right: 3 5
    FuncFParams <PtrFuncFParams> (56)
        on left: 31 32 33
        on right: 29 30 32
    FuncFParam <PtrFuncFParam> (57)
        on left: 34 35
        on right: 31 32
    DynArray <PtrDynArray> (58)
        on left: 36 37
        on right: 35 36 73
    Block <PtrBlock> (59)
        on left: 38
        on right: 29 30 49
    BlockItemList <PtrBlockItemList> (60)
        on left: 39 40
        on right: 38 39
    BlockItem <PtrBlockItem> (61)
        on left: 41 42
        on right: 39
    Stmt <PtrStmt> (62)
        on left: 43 44
        on right: 42 55
    MatchedStmt <PtrStmt> (63)
        on left: 45 46 47 48 49 50 51 52 53 54
        on right: 43 45 50 56
    OpenStmt <PtrStmt> (64)
        on left: 55 56 57
        on right: 44 56 57
    Exp <PtrExp> (65)
        on left: 58 59 60 61 62 63 64 65 66 67 68
        on right: 24 36 46 47 53 58 59 60 61 62 63 64 65 70 71 74 75 76 77 78 79
    FuncRParams <PtrFuncRParams> (66)
        on left: 69
        on right: 67
    ExpList <PtrExpList> (67)
        on left: 70 71 72
        on right: 69 71
    LVal <PtrLVal> (68)
        on left: 73
        on right: 46 66
    Cond <PtrCond> (69)
        on left: 74 75 76 77 78 79 80 81 82 83
        on right: 45 50 55 56 57 80 81 82 83
    ConstExp <PtrConstExp> (70)
        on left: 84 85 86 87 88 89 90 91 92
        on right: 12 14 84 85 86 87 88 89 90 91
    Number <PtrNumber> (71)
        on left: 93
        on right: 68 92


State 0

    0 $accept: . Program $end

    TOKEN_const  shift, and go to state 1
    TOKEN_int    shift, and go to state 2
    TOKEN_void   shift, and go to state 3

    Program    go to state 4
    CompUnit   go to state 5
    Decl       go to state 6
    ConstDecl  go to state 7
    VarDecl    go to state 8
    FuncDef    go to state 9


State 1

    8 ConstDecl: TOKEN_const . TOKEN_int ConstDefList TOKEN_semi

    TOKEN_int  shift, and go to state 10


State 2

   19 VarDecl: TOKEN_int . VarDefList TOKEN_semi
   30 FuncDef: TOKEN_int . TOKEN_identifier TOKEN_l_paren FuncFParams TOKEN_r_paren Block

    TOKEN_identifier  shift, and go to state 11

    VarDefList  go to state 12
    VarDef      go to state 13


State 3

   29 FuncDef: TOKEN_void . TOKEN_identifier TOKEN_l_paren FuncFParams TOKEN_r_paren Block

    TOKEN_identifier  shift, and go to state 14


State 4

    0 $accept: Program . $end

    $end  shift, and go to state 15


State 5

    1 Program: CompUnit .
    2 CompUnit: CompUnit . Decl
    3         | CompUnit . FuncDef

    TOKEN_const  shift, and go to state 1
    TOKEN_int    shift, and go to state 2
    TOKEN_void   shift, and go to state 3

    $default  reduce using rule 1 (Program)

    Decl       go to state 16
    ConstDecl  go to state 7
    VarDecl    go to state 8
    FuncDef    go to state 17


State 6

    4 CompUnit: Decl .

    $default  reduce using rule 4 (CompUnit)


State 7

    6 Decl: ConstDecl .

    $default  reduce using rule 6 (Decl)


State 8

    7 Decl: VarDecl .

    $default  reduce using rule 7 (Decl)


State 9

    5 CompUnit: FuncDef .

    $default  reduce using rule 5 (CompUnit)


State 10

    8 ConstDecl: TOKEN_const TOKEN_int . ConstDefList TOKEN_semi

    TOKEN_identifier  shift, and go to state 18

    ConstDefList  go to state 19
    ConstDef      go to state 20


State 11

   22 VarDef: TOKEN_identifier . Array
   23       | TOKEN_identifier . Array TOKEN_equal InitVal
   30 FuncDef: TOKEN_int TOKEN_identifier . TOKEN_l_paren FuncFParams TOKEN_r_paren Block

    TOKEN_l_paren  shift, and go to state 21

    $default  reduce using rule 13 (Array)

    Array  go to state 22


State 12

   19 VarDecl: TOKEN_int VarDefList . TOKEN_semi
   21 VarDefList: VarDefList . TOKEN_comma VarDef

    TOKEN_comma  shift, and go to state 23
    TOKEN_semi   shift, and go to state 24


State 13

   20 VarDefList: VarDef .

    $default  reduce using rule 20 (VarDefList)


State 14

   29 FuncDef: TOKEN_void TOKEN_identifier . TOKEN_l_paren FuncFParams TOKEN_r_paren Block

    TOKEN_l_paren  shift, and go to state 25


State 15

    0 $accept: Program $end .

    $default  accept


State 16

    2 CompUnit: CompUnit Decl .

    $default  reduce using rule 2 (CompUnit)


State 17

    3 CompUnit: CompUnit FuncDef .

    $default  reduce using rule 3 (CompUnit)


State 18

   11 ConstDef: TOKEN_identifier . Array TOKEN_equal ConstInitVal

    $default  reduce using rule 13 (Array)

    Array  go to state 26


State 19

    8 ConstDecl: TOKEN_const TOKEN_int ConstDefList . TOKEN_semi
   10 ConstDefList: ConstDefList . TOKEN_comma ConstDef

    TOKEN_comma  shift, and go to state 27
    TOKEN_semi   shift, and go to state 28


State 20

    9 ConstDefList: ConstDef .

    $default  reduce using rule 9 (ConstDefList)


State 21

   30 FuncDef: TOKEN_int TOKEN_identifier TOKEN_l_paren . FuncFParams TOKEN_r_paren Block

    TOKEN_int  shift, and go to state 29

    $default  reduce using rule 33 (FuncFParams)

    FuncFParams  go to state 30
    FuncFParam   go to state 31


State 22

   12 Array: Array . TOKEN_l_square ConstExp TOKEN_r_square
   22 VarDef: TOKEN_identifier Array .
   23       | TOKEN_identifier Array . TOKEN_equal InitVal

    TOKEN_l_square  shift, and go to state 32
    TOKEN_equal     shift, and go to state 33

    $default  reduce using rule 22 (VarDef)


State 23

   21 VarDefList: VarDefList TOKEN_comma . VarDef

    TOKEN_identifier  shift, and go to state 34

    VarDef  go to state 35


State 24

   19 VarDecl: TOKEN_int VarDefList TOKEN_semi .

    $default  reduce using rule 19 (VarDecl)


State 25

   29 FuncDef: TOKEN_void TOKEN_identifier TOKEN_l_paren . FuncFParams TOKEN_r_paren Block

    TOKEN_int  shift, and go to state 29

    $default  reduce using rule 33 (FuncFParams)

    FuncFParams  go to state 36
    FuncFParam   go to state 31


State 26

   11 ConstDef: TOKEN_identifier Array . TOKEN_equal ConstInitVal
   12 Array: Array . TOKEN_l_square ConstExp TOKEN_r_square

    TOKEN_l_square  shift, and go to state 32
    TOKEN_equal     shift, and go to state 37


State 27

   10 ConstDefList: ConstDefList TOKEN_comma . ConstDef

    TOKEN_identifier  shift, and go to state 18

    ConstDef  go to state 38


State 28

    8 ConstDecl: TOKEN_const TOKEN_int ConstDefList TOKEN_semi .

    $default  reduce using rule 8 (ConstDecl)


State 29

   34 FuncFParam: TOKEN_int . TOKEN_identifier
   35           | TOKEN_int . TOKEN_identifier TOKEN_l_square TOKEN_r_square DynArray

    TOKEN_identifier  shift, and go to state 39


State 30

   30 FuncDef: TOKEN_int TOKEN_identifier TOKEN_l_paren FuncFParams . TOKEN_r_paren Block
   32 FuncFParams: FuncFParams . TOKEN_comma FuncFParam

    TOKEN_comma    shift, and go to state 40
    TOKEN_r_paren  shift, and go to state 41


State 31

   31 FuncFParams: FuncFParam .

    $default  reduce using rule 31 (FuncFParams)


State 32

   12 Array: Array TOKEN_l_square . ConstExp TOKEN_r_square

    TOKEN_numeric_constant  shift, and go to state 42
    TOKEN_l_paren           shift, and go to state 43
    TOKEN_plus              shift, and go to state 44
    TOKEN_minus             shift, and go to state 45

    ConstExp  go to state 46
    Number    go to state 47


State 33

   23 VarDef: TOKEN_identifier Array TOKEN_equal . InitVal

    TOKEN_identifier        shift, and go to state 48
    TOKEN_numeric_constant  shift, and go to state 42
    TOKEN_l_brace           shift, and go to state 49
    TOKEN_l_paren           shift, and go to state 50
    TOKEN_plus              shift, and go to state 51
    TOKEN_minus             shift, and go to state 52

    InitVal  go to state 53
    Exp      go to state 54
    LVal     go to state 55
    Number   go to state 56


State 34

   22 VarDef: TOKEN_identifier . Array
   23       | TOKEN_identifier . Array TOKEN_equal InitVal

    $default  reduce using rule 13 (Array)

    Array  go to state 22


State 35

   21 VarDefList: VarDefList TOKEN_comma VarDef .

    $default  reduce using rule 21 (VarDefList)


State 36

   29 FuncDef: TOKEN_void TOKEN_identifier TOKEN_l_paren FuncFParams . TOKEN_r_paren Block
   32 FuncFParams: FuncFParams . TOKEN_comma FuncFParam

    TOKEN_comma    shift, and go to state 40
    TOKEN_r_paren  shift, and go to state 57


State 37

   11 ConstDef: TOKEN_identifier Array TOKEN_equal . ConstInitVal

    TOKEN_numeric_constant  shift, and go to state 42
    TOKEN_l_brace           shift, and go to state 58
    TOKEN_l_paren           shift, and go to state 43
    TOKEN_plus              shift, and go to state 44
    TOKEN_minus             shift, and go to state 45

    ConstInitVal  go to state 59
    ConstExp      go to state 60
    Number        go to state 47


State 38

   10 ConstDefList: ConstDefList TOKEN_comma ConstDef .

    $default  reduce using rule 10 (ConstDefList)


State 39

   34 FuncFParam: TOKEN_int TOKEN_identifier .
   35           | TOKEN_int TOKEN_identifier . TOKEN_l_square TOKEN_r_square DynArray

    TOKEN_l_square  shift, and go to state 61

    $default  reduce using rule 34 (FuncFParam)


State 40

   32 FuncFParams: FuncFParams TOKEN_comma . FuncFParam

    TOKEN_int  shift, and go to state 29

    FuncFParam  go to state 62


State 41

   30 FuncDef: TOKEN_int TOKEN_identifier TOKEN_l_paren FuncFParams TOKEN_r_paren . Block

    TOKEN_l_brace  shift, and go to state 63

    Block  go to state 64


State 42

   93 Number: TOKEN_numeric_constant .

    $default  reduce using rule 93 (Number)


State 43

   91 ConstExp: TOKEN_l_paren . ConstExp TOKEN_r_paren

    TOKEN_numeric_constant  shift, and go to state 42
    TOKEN_l_paren           shift, and go to state 43
    TOKEN_plus              shift, and go to state 44
    TOKEN_minus             shift, and go to state 45

    ConstExp  go to state 65
    Number    go to state 47


State 44

   89 ConstExp: TOKEN_plus . ConstExp

    TOKEN_numeric_constant  shift, and go to state 42
    TOKEN_l_paren           shift, and go to state 43
    TOKEN_plus              shift, and go to state 44
    TOKEN_minus             shift, and go to state 45

    ConstExp  go to state 66
    Number    go to state 47


State 45

   90 ConstExp: TOKEN_minus . ConstExp

    TOKEN_numeric_constant  shift, and go to state 42
    TOKEN_l_paren           shift, and go to state 43
    TOKEN_plus              shift, and go to state 44
    TOKEN_minus             shift, and go to state 45

    ConstExp  go to state 67
    Number    go to state 47


State 46

   12 Array: Array TOKEN_l_square ConstExp . TOKEN_r_square
   84 ConstExp: ConstExp . TOKEN_plus ConstExp
   85         | ConstExp . TOKEN_minus ConstExp
   86         | ConstExp . TOKEN_star ConstExp
   87         | ConstExp . TOKEN_slash ConstExp
   88         | ConstExp . TOKEN_percent ConstExp

    TOKEN_r_square  shift, and go to state 68
    TOKEN_plus      shift, and go to state 69
    TOKEN_minus     shift, and go to state 70
    TOKEN_star      shift, and go to state 71
    TOKEN_slash     shift, and go to state 72
    TOKEN_percent   shift, and go to state 73


State 47

   92 ConstExp: Number .

    $default  reduce using rule 92 (ConstExp)


State 48

   67 Exp: TOKEN_identifier . TOKEN_l_paren FuncRParams TOKEN_r_paren
   73 LVal: TOKEN_identifier . DynArray

    TOKEN_l_paren  shift, and go to state 74

    $default  reduce using rule 37 (DynArray)

    DynArray  go to state 75


State 49

   25 InitVal: TOKEN_l_brace . InitValList TOKEN_r_brace

    TOKEN_identifier        shift, and go to state 48
    TOKEN_numeric_constant  shift, and go to state 42
    TOKEN_l_brace           shift, and go to state 49
    TOKEN_l_paren           shift, and go to state 50
    TOKEN_plus              shift, and go to state 51
    TOKEN_minus             shift, and go to state 52

    $default  reduce using rule 28 (InitValList)

    InitVal      go to state 76
    InitValList  go to state 77
    Exp          go to state 54
    LVal         go to state 55
    Number       go to state 56


State 50

   65 Exp: TOKEN_l_paren . Exp TOKEN_r_paren

    TOKEN_identifier        shift, and go to state 48
    TOKEN_numeric_constant  shift, and go to state 42
    TOKEN_l_paren           shift, and go to state 50
    TOKEN_plus              shift, and go to state 51
    TOKEN_minus             shift, and go to state 52

    Exp     go to state 78
    LVal    go to state 55
    Number  go to state 56


State 51

   63 Exp: TOKEN_plus . Exp

    TOKEN_identifier        shift, and go to state 48
    TOKEN_numeric_constant  shift, and go to state 42
    TOKEN_l_paren           shift, and go to state 50
    TOKEN_plus              shift, and go to state 51
    TOKEN_minus             shift, and go to state 52

    Exp     go to state 79
    LVal    go to state 55
    Number  go to state 56


State 52

   64 Exp: TOKEN_minus . Exp

    TOKEN_identifier        shift, and go to state 48
    TOKEN_numeric_constant  shift, and go to state 42
    TOKEN_l_paren           shift, and go to state 50
    TOKEN_plus              shift, and go to state 51
    TOKEN_minus             shift, and go to state 52

    Exp     go to state 80
    LVal    go to state 55
    Number  go to state 56


State 53

   23 VarDef: TOKEN_identifier Array TOKEN_equal InitVal .

    $default  reduce using rule 23 (VarDef)


State 54

   24 InitVal: Exp .
   58 Exp: Exp . TOKEN_plus Exp
   59    | Exp . TOKEN_minus Exp
   60    | Exp . TOKEN_star Exp
   61    | Exp . TOKEN_slash Exp
   62    | Exp . TOKEN_percent Exp

    TOKEN_plus     shift, and go to state 81
    TOKEN_minus    shift, and go to state 82
    TOKEN_star     shift, and go to state 83
    TOKEN_slash    shift, and go to state 84
    TOKEN_percent  shift, and go to state 85

    $default  reduce using rule 24 (InitVal)


State 55

   66 Exp: LVal .

    $default  reduce using rule 66 (Exp)


State 56

   68 Exp: Number .

    $default  reduce using rule 68 (Exp)


State 57

   29 FuncDef: TOKEN_void TOKEN_identifier TOKEN_l_paren FuncFParams TOKEN_r_paren . Block

    TOKEN_l_brace  shift, and go to state 63

    Block  go to state 86


State 58

   15 ConstInitVal: TOKEN_l_brace . ConstInitValList TOKEN_r_brace

    TOKEN_numeric_constant  shift, and go to state 42
    TOKEN_l_brace           shift, and go to state 58
    TOKEN_l_paren           shift, and go to state 43
    TOKEN_plus              shift, and go to state 44
    TOKEN_minus             shift, and go to state 45

    $default  reduce using rule 18 (ConstInitValList)

    ConstInitVal      go to state 87
    ConstInitValList  go to state 88
    ConstExp          go to state 60
    Number            go to state 47


State 59

   11 ConstDef: TOKEN_identifier Array TOKEN_equal ConstInitVal .

    $default  reduce using rule 11 (ConstDef)


State 60

   14 ConstInitVal: ConstExp .
   84 ConstExp: ConstExp . TOKEN_plus ConstExp
   85         | ConstExp . TOKEN_minus ConstExp
   86         | ConstExp . TOKEN_star ConstExp
   87         | ConstExp . TOKEN_slash ConstExp
   88         | ConstExp . TOKEN_percent ConstExp

    TOKEN_plus     shift, and go to state 69
    TOKEN_minus    shift, and go to state 70
    TOKEN_star     shift, and go to state 71
    TOKEN_slash    shift, and go to state 72
    TOKEN_percent  shift, and go to state 73

    $default  reduce using rule 14 (ConstInitVal)


State 61

   35 FuncFParam: TOKEN_int TOKEN_identifier TOKEN_l_square . TOKEN_r_square DynArray

    TOKEN_r_square  shift, and go to state 89


State 62

   32 FuncFParams: FuncFParams TOKEN_comma FuncFParam .

    $default  reduce using rule 32 (FuncFParams)


State 63

   38 Block: TOKEN_l_brace . BlockItemList TOKEN_r_brace

    $default  reduce using rule 40 (BlockItemList)

    BlockItemList  go to state 90


State 64

   30 FuncDef: TOKEN_int TOKEN_identifier TOKEN_l_paren FuncFParams TOKEN_r_paren Block .

    $default  reduce using rule 30 (FuncDef)


State 65

   84 ConstExp: ConstExp . TOKEN_plus ConstExp
   85         | ConstExp . TOKEN_minus ConstExp
   86         | ConstExp . TOKEN_star ConstExp
   87         | ConstExp . TOKEN_slash ConstExp
   88         | ConstExp . TOKEN_percent ConstExp
   91         | TOKEN_l_paren ConstExp . TOKEN_r_paren

    TOKEN_r_paren  shift, and go to state 91
    TOKEN_plus     shift, and go to state 69
    TOKEN_minus    shift, and go to state 70
    TOKEN_star     shift, and go to state 71
    TOKEN_slash    shift, and go to state 72
    TOKEN_percent  shift, and go to state 73


State 66

   84 ConstExp: ConstExp . TOKEN_plus ConstExp
   85         | ConstExp . TOKEN_minus ConstExp
   86         | ConstExp . TOKEN_star ConstExp
   87         | ConstExp . TOKEN_slash ConstExp
   88         | ConstExp . TOKEN_percent ConstExp
   89         | TOKEN_plus ConstExp .

    TOKEN_star     shift, and go to state 71
    TOKEN_slash    shift, and go to state 72
    TOKEN_percent  shift, and go to state 73

    $default  reduce using rule 89 (ConstExp)


State 67

   84 ConstExp: ConstExp . TOKEN_plus ConstExp
   85         | ConstExp . TOKEN_minus ConstExp
   86         | ConstExp . TOKEN_star ConstExp
   87         | ConstExp . TOKEN_slash ConstExp
   88         | ConstExp . TOKEN_percent ConstExp
   90         | TOKEN_minus ConstExp .

    TOKEN_star     shift, and go to state 71
    TOKEN_slash    shift, and go to state 72
    TOKEN_percent  shift, and go to state 73

    $default  reduce using rule 90 (ConstExp)


State 68

   12 Array: Array TOKEN_l_square ConstExp TOKEN_r_square .

    $default  reduce using rule 12 (Array)


State 69

   84 ConstExp: ConstExp TOKEN_plus . ConstExp

    TOKEN_numeric_constant  shift, and go to state 42
    TOKEN_l_paren           shift, and go to state 43
    TOKEN_plus              shift, and go to state 44
    TOKEN_minus             shift, and go to state 45

    ConstExp  go to state 92
    Number    go to state 47


State 70

   85 ConstExp: ConstExp TOKEN_minus . ConstExp

    TOKEN_numeric_constant  shift, and go to state 42
    TOKEN_l_paren           shift, and go to state 43
    TOKEN_plus              shift, and go to state 44
    TOKEN_minus             shift, and go to state 45

    ConstExp  go to state 93
    Number    go to state 47


State 71

   86 ConstExp: ConstExp TOKEN_star . ConstExp

    TOKEN_numeric_constant  shift, and go to state 42
    TOKEN_l_paren           shift, and go to state 43
    TOKEN_plus              shift, and go to state 44
    TOKEN_minus             shift, and go to state 45

    ConstExp  go to state 94
    Number    go to state 47


State 72

   87 ConstExp: ConstExp TOKEN_slash . ConstExp

    TOKEN_numeric_constant  shift, and go to state 42
    TOKEN_l_paren           shift, and go to state 43
    TOKEN_plus              shift, and go to state 44
    TOKEN_minus             shift, and go to state 45

    ConstExp  go to state 95
    Number    go to state 47


State 73

   88 ConstExp: ConstExp TOKEN_percent . ConstExp

    TOKEN_numeric_constant  shift, and go to state 42
    TOKEN_l_paren           shift, and go to state 43
    TOKEN_plus              shift, and go to state 44
    TOKEN_minus             shift, and go to state 45

    ConstExp  go to state 96
    Number    go to state 47


State 74

   67 Exp: TOKEN_identifier TOKEN_l_paren . FuncRParams TOKEN_r_paren

    TOKEN_identifier        shift, and go to state 48
    TOKEN_numeric_constant  shift, and go to state 42
    TOKEN_l_paren           shift, and go to state 50
    TOKEN_plus              shift, and go to state 51
    TOKEN_minus             shift, and go to state 52

    $default  reduce using rule 72 (ExpList)

    Exp          go to state 97
    FuncRParams  go to state 98
    ExpList      go to state 99
    LVal         go to state 55
    Number       go to state 56


State 75

   36 DynArray: DynArray . TOKEN_l_square Exp TOKEN_r_square
   73 LVal: TOKEN_identifier DynArray .

    TOKEN_l_square  shift, and go to state 100

    $default  reduce using rule 73 (LVal)


State 76

   26 InitValList: InitVal .

    $default  reduce using rule 26 (InitValList)


State 77

   25 InitVal: TOKEN_l_brace InitValList . TOKEN_r_brace
   27 InitValList: InitValList . TOKEN_comma InitVal

    TOKEN_comma    shift, and go to state 101
    TOKEN_r_brace  shift, and go to state 102


State 78

   58 Exp: Exp . TOKEN_plus Exp
   59    | Exp . TOKEN_minus Exp
   60    | Exp . TOKEN_star Exp
   61    | Exp . TOKEN_slash Exp
   62    | Exp . TOKEN_percent Exp
   65    | TOKEN_l_paren Exp . TOKEN_r_paren

    TOKEN_r_paren  shift, and go to state 103
    TOKEN_plus     shift, and go to state 81
    TOKEN_minus    shift, and go to state 82
    TOKEN_star     shift, and go to state 83
    TOKEN_slash    shift, and go to state 84
    TOKEN_percent  shift, and go to state 85


State 79

   58 Exp: Exp . TOKEN_plus Exp
   59    | Exp . TOKEN_minus Exp
   60    | Exp . TOKEN_star Exp
   61    | Exp . TOKEN_slash Exp
   62    | Exp . TOKEN_percent Exp
   63    | TOKEN_plus Exp .

    TOKEN_star     shift, and go to state 83
    TOKEN_slash    shift, and go to state 84
    TOKEN_percent  shift, and go to state 85

    $default  reduce using rule 63 (Exp)


State 80

   58 Exp: Exp . TOKEN_plus Exp
   59    | Exp . TOKEN_minus Exp
   60    | Exp . TOKEN_star Exp
   61    | Exp . TOKEN_slash Exp
   62    | Exp . TOKEN_percent Exp
   64    | TOKEN_minus Exp .

    TOKEN_star     shift, and go to state 83
    TOKEN_slash    shift, and go to state 84
    TOKEN_percent  shift, and go to state 85

    $default  reduce using rule 64 (Exp)


State 81

   58 Exp: Exp TOKEN_plus . Exp

    TOKEN_identifier        shift, and go to state 48
    TOKEN_numeric_constant  shift, and go to state 42
    TOKEN_l_paren           shift, and go to state 50
    TOKEN_plus              shift, and go to state 51
    TOKEN_minus             shift, and go to state 52

    Exp     go to state 104
    LVal    go to state 55
    Number  go to state 56


State 82

   59 Exp: Exp TOKEN_minus . Exp

    TOKEN_identifier        shift, and go to state 48
    TOKEN_numeric_constant  shift, and go to state 42
    TOKEN_l_paren           shift, and go to state 50
    TOKEN_plus              shift, and go to state 51
    TOKEN_minus             shift, and go to state 52

    Exp     go to state 105
    LVal    go to state 55
    Number  go to state 56


State 83

   60 Exp: Exp TOKEN_star . Exp

    TOKEN_identifier        shift, and go to state 48
    TOKEN_numeric_constant  shift, and go to state 42
    TOKEN_l_paren           shift, and go to state 50
    TOKEN_plus              shift, and go to state 51
    TOKEN_minus             shift, and go to state 52

    Exp     go to state 106
    LVal    go to state 55
    Number  go to state 56


State 84

   61 Exp: Exp TOKEN_slash . Exp

    TOKEN_identifier        shift, and go to state 48
    TOKEN_numeric_constant  shift, and go to state 42
    TOKEN_l_paren           shift, and go to state 50
    TOKEN_plus              shift, and go to state 51
    TOKEN_minus             shift, and go to state 52

    Exp     go to state 107
    LVal    go to state 55
    Number  go to state 56


State 85

   62 Exp: Exp TOKEN_percent . Exp

    TOKEN_identifier        shift, and go to state 48
    TOKEN_numeric_constant  shift, and go to state 42
    TOKEN_l_paren           shift, and go to state 50
    TOKEN_plus              shift, and go to state 51
    TOKEN_minus             shift, and go to state 52

    Exp     go to state 108
    LVal    go to state 55
    Number  go to state 56


State 86

   29 FuncDef: TOKEN_void TOKEN_identifier TOKEN_l_paren FuncFParams TOKEN_r_paren Block .

    $default  reduce using rule 29 (FuncDef)


State 87

   16 ConstInitValList: ConstInitVal .

    $default  reduce using rule 16 (ConstInitValList)


State 88

   15 ConstInitVal: TOKEN_l_brace ConstInitValList . TOKEN_r_brace
   17 ConstInitValList: ConstInitValList . TOKEN_comma ConstInitVal

    TOKEN_comma    shift, and go to state 109
    TOKEN_r_brace  shift, and go to state 110


State 89

   35 FuncFParam: TOKEN_int TOKEN_identifier TOKEN_l_square TOKEN_r_square . DynArray

    $default  reduce using rule 37 (DynArray)

    DynArray  go to state 111


State 90

   38 Block: TOKEN_l_brace BlockItemList . TOKEN_r_brace
   39 BlockItemList: BlockItemList . BlockItem

    TOKEN_identifier        shift, and go to state 48
    TOKEN_numeric_constant  shift, and go to state 42
    TOKEN_const             shift, and go to state 1
    TOKEN_int               shift, and go to state 112
    TOKEN_if                shift, and go to state 113
    TOKEN_while             shift, and go to state 114
    TOKEN_break             shift, and go to state 115
    TOKEN_continue          shift, and go to state 116
    TOKEN_return            shift, and go to state 117
    TOKEN_semi              shift, and go to state 118
    TOKEN_l_brace           shift, and go to state 63
    TOKEN_l_paren           shift, and go to state 50
    TOKEN_r_brace           shift, and go to state 119
    TOKEN_plus              shift, and go to state 51
    TOKEN_minus             shift, and go to state 52

    Decl         go to state 120
    ConstDecl    go to state 7
    VarDecl      go to state 8
    Block        go to state 121
    BlockItem    go to state 122
    Stmt         go to state 123
    MatchedStmt  go to state 124
    OpenStmt     go to state 125
    Exp          go to state 126
    LVal         go to state 127
    Number       go to state 56


State 91

   91 ConstExp: TOKEN_l_paren ConstExp TOKEN_r_paren .

    $default  reduce using rule 91 (ConstExp)


State 92

   84 ConstExp: ConstExp . TOKEN_plus ConstExp
   84         | ConstExp TOKEN_plus ConstExp .
   85         | ConstExp . TOKEN_minus ConstExp
   86         | ConstExp . TOKEN_star ConstExp
   87         | ConstExp . TOKEN_slash ConstExp
   88         | ConstExp . TOKEN_percent ConstExp

    TOKEN_star     shift, and go to state 71
    TOKEN_slash    shift, and go to state 72
    TOKEN_percent  shift, and go to state 73

    $default  reduce using rule 84 (ConstExp)


State 93

   84 ConstExp: ConstExp . TOKEN_plus ConstExp
   85         | ConstExp . TOKEN_minus ConstExp
   85         | ConstExp TOKEN_minus ConstExp .
   86         | ConstExp . TOKEN_star ConstExp
   87         | ConstExp . TOKEN_slash ConstExp
   88         | ConstExp . TOKEN_percent ConstExp

    TOKEN_star     shift, and go to state 71
    TOKEN_slash    shift, and go to state 72
    TOKEN_percent  shift, and go to state 73

    $default  reduce using rule 85 (ConstExp)


State 94

   84 ConstExp: ConstExp . TOKEN_plus ConstExp
   85         | ConstExp . TOKEN_minus ConstExp
   86         | ConstExp . TOKEN_star ConstExp
   86         | ConstExp TOKEN_star ConstExp .
   87         | ConstExp . TOKEN_slash ConstExp
   88         | ConstExp . TOKEN_percent ConstExp

    $default  reduce using rule 86 (ConstExp)


State 95

   84 ConstExp: ConstExp . TOKEN_plus ConstExp
   85         | ConstExp . TOKEN_minus ConstExp
   86         | ConstExp . TOKEN_star ConstExp
   87         | ConstExp . TOKEN_slash ConstExp
   87         | ConstExp TOKEN_slash ConstExp .
   88         | ConstExp . TOKEN_percent ConstExp

    $default  reduce using rule 87 (ConstExp)


State 96

   84 ConstExp: ConstExp . TOKEN_plus ConstExp
   85         | ConstExp . TOKEN_minus ConstExp
   86         | ConstExp . TOKEN_star ConstExp
   87         | ConstExp . TOKEN_slash ConstExp
   88         | ConstExp . TOKEN_percent ConstExp
   88         | ConstExp TOKEN_percent ConstExp .

    $default  reduce using rule 88 (ConstExp)


State 97

   58 Exp: Exp . TOKEN_plus Exp
   59    | Exp . TOKEN_minus Exp
   60    | Exp . TOKEN_star Exp
   61    | Exp . TOKEN_slash Exp
   62    | Exp . TOKEN_percent Exp
   70 ExpList: Exp .

    TOKEN_plus     shift, and go to state 81
    TOKEN_minus    shift, and go to state 82
    TOKEN_star     shift, and go to state 83
    TOKEN_slash    shift, and go to state 84
    TOKEN_percent  shift, and go to state 85

    $default  reduce using rule 70 (ExpList)


State 98

   67 Exp: TOKEN_identifier TOKEN_l_paren FuncRParams . TOKEN_r_paren

    TOKEN_r_paren  shift, and go to state 128


State 99

   69 FuncRParams: ExpList .
   71 ExpList: ExpList . TOKEN_comma Exp

    TOKEN_comma  shift, and go to state 129

    $default  reduce using rule 69 (FuncRParams)


State 100

   36 DynArray: DynArray TOKEN_l_square . Exp TOKEN_r_square

    TOKEN_identifier        shift, and go to state 48
    TOKEN_numeric_constant  shift, and go to state 42
    TOKEN_l_paren           shift, and go to state 50
    TOKEN_plus              shift, and go to state 51
    TOKEN_minus             shift, and go to state 52

    Exp     go to state 130
    LVal    go to state 55
    Number  go to state 56


State 101

   27 InitValList: InitValList TOKEN_comma . InitVal

    TOKEN_identifier        shift, and go to state 48
    TOKEN_numeric_constant  shift, and go to state 42
    TOKEN_l_brace           shift, and go to state 49
    TOKEN_l_paren           shift, and go to state 50
    TOKEN_plus              shift, and go to state 51
    TOKEN_minus             shift, and go to state 52

    InitVal  go to state 131
    Exp      go to state 54
    LVal     go to state 55
    Number   go to state 56


State 102

   25 InitVal: TOKEN_l_brace InitValList TOKEN_r_brace .

    $default  reduce using rule 25 (InitVal)


State 103

   65 Exp: TOKEN_l_paren Exp TOKEN_r_paren .

    $default  reduce using rule 65 (Exp)


State 104

   58 Exp: Exp . TOKEN_plus Exp
   58    | Exp TOKEN_plus Exp .
   59    | Exp . TOKEN_minus Exp
   60    | Exp . TOKEN_star Exp
   61    | Exp . TOKEN_slash Exp
   62    | Exp . TOKEN_percent Exp

    TOKEN_star     shift, and go to state 83
    TOKEN_slash    shift, and go to state 84
    TOKEN_percent  shift, and go to state 85

    $default  reduce using rule 58 (Exp)


State 105

   58 Exp: Exp . TOKEN_plus Exp
   59    | Exp . TOKEN_minus Exp
   59    | Exp TOKEN_minus Exp .
   60    | Exp . TOKEN_star Exp
   61    | Exp . TOKEN_slash Exp
   62    | Exp . TOKEN_percent Exp

    TOKEN_star     shift, and go to state 83
    TOKEN_slash    shift, and go to state 84
    TOKEN_percent  shift, and go to state 85

    $default  reduce using rule 59 (Exp)


State 106

   58 Exp: Exp . TOKEN_plus Exp
   59    | Exp . TOKEN_minus Exp
   60    | Exp . TOKEN_star Exp
   60    | Exp TOKEN_star Exp .
   61    | Exp . TOKEN_slash Exp
   62    | Exp . TOKEN_percent Exp

    $default  reduce using rule 60 (Exp)


State 107

   58 Exp: Exp . TOKEN_plus Exp
   59    | Exp . TOKEN_minus Exp
   60    | Exp . TOKEN_star Exp
   61    | Exp . TOKEN_slash Exp
   61    | Exp TOKEN_slash Exp .
   62    | Exp . TOKEN_percent Exp

    $default  reduce using rule 61 (Exp)


State 108

   58 Exp: Exp . TOKEN_plus Exp
   59    | Exp . TOKEN_minus Exp
   60    | Exp . TOKEN_star Exp
   61    | Exp . TOKEN_slash Exp
   62    | Exp . TOKEN_percent Exp
   62    | Exp TOKEN_percent Exp .

    $default  reduce using rule 62 (Exp)


State 109

   17 ConstInitValList: ConstInitValList TOKEN_comma . ConstInitVal

    TOKEN_numeric_constant  shift, and go to state 42
    TOKEN_l_brace           shift, and go to state 58
    TOKEN_l_paren           shift, and go to state 43
    TOKEN_plus              shift, and go to state 44
    TOKEN_minus             shift, and go to state 45

    ConstInitVal  go to state 132
    ConstExp      go to state 60
    Number        go to state 47


State 110

   15 ConstInitVal: TOKEN_l_brace ConstInitValList TOKEN_r_brace .

    $default  reduce using rule 15 (ConstInitVal)


State 111

   35 FuncFParam: TOKEN_int TOKEN_identifier TOKEN_l_square TOKEN_r_square DynArray .
   36 DynArray: DynArray . TOKEN_l_square Exp TOKEN_r_square

    TOKEN_l_square  shift, and go to state 100

    $default  reduce using rule 35 (FuncFParam)


State 112

   19 VarDecl: TOKEN_int . VarDefList TOKEN_semi

    TOKEN_identifier  shift, and go to state 34

    VarDefList  go to state 12
    VarDef      go to state 13


State 113

   45 MatchedStmt: TOKEN_if . TOKEN_l_paren Cond TOKEN_r_paren MatchedStmt TOKEN_else MatchedStmt
   55 OpenStmt: TOKEN_if . TOKEN_l_paren Cond TOKEN_r_paren Stmt
   56         | TOKEN_if . TOKEN_l_paren Cond TOKEN_r_paren MatchedStmt TOKEN_else OpenStmt

    TOKEN_l_paren  shift, and go to state 133


State 114

   50 MatchedStmt: TOKEN_while . TOKEN_l_paren Cond TOKEN_r_paren MatchedStmt
   57 OpenStmt: TOKEN_while . TOKEN_l_paren Cond TOKEN_r_paren OpenStmt

    TOKEN_l_paren  shift, and go to state 134


State 115

   51 MatchedStmt: TOKEN_break . TOKEN_semi

    TOKEN_semi  shift, and go to state 135


State 116

   52 MatchedStmt: TOKEN_continue . TOKEN_semi

    TOKEN_semi  shift, and go to state 136


State 117

   53 MatchedStmt: TOKEN_return . Exp TOKEN_semi
   54            | TOKEN_return . TOKEN_semi

    TOKEN_identifier        shift, and go to state 48
    TOKEN_numeric_constant  shift, and go to state 42
    TOKEN_semi              shift, and go to state 137
    TOKEN_l_paren           shift, and go to state 50
    TOKEN_plus              shift, and go to state 51
    TOKEN_minus             shift, and go to state 52

    Exp     go to state 138
    LVal    go to state 55
    Number  go to state 56


State 118

   48 MatchedStmt: TOKEN_semi .

    $default  reduce using rule 48 (MatchedStmt)


State 119

   38 Block: TOKEN_l_brace BlockItemList TOKEN_r_brace .

    $default  reduce using rule 38 (Block)


State 120

   41 BlockItem: Decl .

    $default  reduce using rule 41 (BlockItem)


State 121

   49 MatchedStmt: Block .

    $default  reduce using rule 49 (MatchedStmt)


State 122

   39 BlockItemList: BlockItemList BlockItem .

    $default  reduce using rule 39 (BlockItemList)


State 123

   42 BlockItem: Stmt .

    $default  reduce using rule 42 (BlockItem)


State 124

   43 Stmt: MatchedStmt .

    $default  reduce using rule 43 (Stmt)


State 125

   44 Stmt: OpenStmt .

    $default  reduce using rule 44 (Stmt)


State 126

   47 MatchedStmt: Exp . TOKEN_semi
   58 Exp: Exp . TOKEN_plus Exp
   59    | Exp . TOKEN_minus Exp
   60    | Exp . TOKEN_star Exp
   61    | Exp . TOKEN_slash Exp
   62    | Exp . TOKEN_percent Exp

    TOKEN_semi     shift, and go to state 139
    TOKEN_plus     shift, and go to state 81
    TOKEN_minus    shift, and go to state 82
    TOKEN_star     shift, and go to state 83
    TOKEN_slash    shift, and go to state 84
    TOKEN_percent  shift, and go to state 85


State 127

   46 MatchedStmt: LVal . TOKEN_equal Exp TOKEN_semi
   66 Exp: LVal .

    TOKEN_equal  shift, and go to state 140

    $default  reduce using rule 66 (Exp)


State 128

   67 Exp: TOKEN_identifier TOKEN_l_paren FuncRParams TOKEN_r_paren .

    $default  reduce using rule 67 (Exp)


State 129

   71 ExpList: ExpList TOKEN_comma . Exp

    TOKEN_identifier        shift, and go to state 48
    TOKEN_numeric_constant  shift, and go to state 42
    TOKEN_l_paren           shift, and go to state 50
    TOKEN_plus              shift, and go to state 51
    TOKEN_minus             shift, and go to state 52

    Exp     go to state 141
    LVal    go to state 55
    Number  go to state 56


State 130

   36 DynArray: DynArray TOKEN_l_square Exp . TOKEN_r_square
   58 Exp: Exp . TOKEN_plus Exp
   59    | Exp . TOKEN_minus Exp
   60    | Exp . TOKEN_star Exp
   61    | Exp . TOKEN_slash Exp
   62    | Exp . TOKEN_percent Exp

    TOKEN_r_square  shift, and go to state 142
    TOKEN_plus      shift, and go to state 81
    TOKEN_minus     shift, and go to state 82
    TOKEN_star      shift, and go to state 83
    TOKEN_slash     shift, and go to state 84
    TOKEN_percent   shift, and go to state 85


State 131

   27 InitValList: InitValList TOKEN_comma InitVal .

    $default  reduce using rule 27 (InitValList)


State 132

   17 ConstInitValList: ConstInitValList TOKEN_comma ConstInitVal .

    $default  reduce using rule 17 (ConstInitValList)


State 133

   45 MatchedStmt: TOKEN_if TOKEN_l_paren . Cond TOKEN_r_paren MatchedStmt TOKEN_else MatchedStmt
   55 OpenStmt: TOKEN_if TOKEN_l_paren . Cond TOKEN_r_paren Stmt
   56         | TOKEN_if TOKEN_l_paren . Cond TOKEN_r_paren MatchedStmt TOKEN_else OpenStmt

    TOKEN_identifier        shift, and go to state 48
    TOKEN_numeric_constant  shift, and go to state 42
    TOKEN_l_paren           shift, and go to state 143
    TOKEN_exclaim           shift, and go to state 144
    TOKEN_plus              shift, and go to state 51
    TOKEN_minus             shift, and go to state 52

    Exp     go to state 145
    LVal    go to state 55
    Cond    go to state 146
    Number  go to state 56


State 134

   50 MatchedStmt: TOKEN_while TOKEN_l_paren . Cond TOKEN_r_paren MatchedStmt
   57 OpenStmt: TOKEN_while TOKEN_l_paren . Cond TOKEN_r_paren OpenStmt

    TOKEN_identifier        shift, and go to state 48
    TOKEN_numeric_constant  shift, and go to state 42
    TOKEN_l_paren           shift, and go to state 143
    TOKEN_exclaim           shift, and go to state 144
    TOKEN_plus              shift, and go to state 51
    TOKEN_minus             shift, and go to state 52

    Exp     go to state 145
    LVal    go to state 55
    Cond    go to state 147
    Number  go to state 56


State 135

   51 MatchedStmt: TOKEN_break TOKEN_semi .

    $default  reduce using rule 51 (MatchedStmt)


State 136

   52 MatchedStmt: TOKEN_continue TOKEN_semi .

    $default  reduce using rule 52 (MatchedStmt)


State 137

   54 MatchedStmt: TOKEN_return TOKEN_semi .

    $default  reduce using rule 54 (MatchedStmt)


State 138

   53 MatchedStmt: TOKEN_return Exp . TOKEN_semi
   58 Exp: Exp . TOKEN_plus Exp
   59    | Exp . TOKEN_minus Exp
   60    | Exp . TOKEN_star Exp
   61    | Exp . TOKEN_slash Exp
   62    | Exp . TOKEN_percent Exp

    TOKEN_semi     shift, and go to state 148
    TOKEN_plus     shift, and go to state 81
    TOKEN_minus    shift, and go to state 82
    TOKEN_star     shift, and go to state 83
    TOKEN_slash    shift, and go to state 84
    TOKEN_percent  shift, and go to state 85


State 139

   47 MatchedStmt: Exp TOKEN_semi .

    $default  reduce using rule 47 (MatchedStmt)


State 140

   46 MatchedStmt: LVal TOKEN_equal . Exp TOKEN_semi

    TOKEN_identifier        shift, and go to state 48
    TOKEN_numeric_constant  shift, and go to state 42
    TOKEN_l_paren           shift, and go to state 50
    TOKEN_plus              shift, and go to state 51
    TOKEN_minus             shift, and go to state 52

    Exp     go to state 149
    LVal    go to state 55
    Number  go to state 56


State 141

   58 Exp: Exp . TOKEN_plus Exp
   59    | Exp . TOKEN_minus Exp
   60    | Exp . TOKEN_star Exp
   61    | Exp . TOKEN_slash Exp
   62    | Exp . TOKEN_percent Exp
   71 ExpList: ExpList TOKEN_comma Exp .

    TOKEN_plus     shift, and go to state 81
    TOKEN_minus    shift, and go to state 82
    TOKEN_star     shift, and go to state 83
    TOKEN_slash    shift, and go to state 84
    TOKEN_percent  shift, and go to state 85

    $default  reduce using rule 71 (ExpList)


State 142

   36 DynArray: DynArray TOKEN_l_square Exp TOKEN_r_square .

    $default  reduce using rule 36 (DynArray)


State 143

   65 Exp: TOKEN_l_paren . Exp TOKEN_r_paren
   80 Cond: TOKEN_l_paren . Cond TOKEN_r_paren

    TOKEN_identifier        shift, and go to state 48
    TOKEN_numeric_constant  shift, and go to state 42
    TOKEN_l_paren           shift, and go to state 143
    TOKEN_exclaim           shift, and go to state 144
    TOKEN_plus              shift, and go to state 51
    TOKEN_minus             shift, and go to state 52

    Exp     go to state 150
    LVal    go to state 55
    Cond    go to state 151
    Number  go to state 56


State 144

   81 Cond: TOKEN_exclaim . Cond

    TOKEN_identifier        shift, and go to state 48
    TOKEN_numeric_constant  shift, and go to state 42
    TOKEN_l_paren           shift, and go to state 143
    TOKEN_exclaim           shift, and go to state 144
    TOKEN_plus              shift, and go to state 51
    TOKEN_minus             shift, and go to state 52

    Exp     go to state 145
    LVal    go to state 55
    Cond    go to state 152
    Number  go to state 56


State 145

   58 Exp: Exp . TOKEN_plus Exp
   59    | Exp . TOKEN_minus Exp
   60    | Exp . TOKEN_star Exp
   61    | Exp . TOKEN_slash Exp
   62    | Exp . TOKEN_percent Exp
   74 Cond: Exp . TOKEN_equalequal Exp
   75     | Exp . TOKEN_exclaimequal Exp
   76     | Exp . TOKEN_less Exp
   77     | Exp . TOKEN_greater Exp
   78     | Exp . TOKEN_lessequal Exp
   79     | Exp . TOKEN_greaterequal Exp

    TOKEN_equalequal    shift, and go to state 153
    TOKEN_exclaimequal  shift, and go to state 154
    TOKEN_less          shift, and go to state 155
    TOKEN_greater       shift, and go to state 156
    TOKEN_lessequal     shift, and go to state 157
    TOKEN_greaterequal  shift, and go to state 158
    TOKEN_plus          shift, and go to state 81
    TOKEN_minus         shift, and go to state 82
    TOKEN_star          shift, and go to state 83
    TOKEN_slash         shift, and go to state 84
    TOKEN_percent       shift, and go to state 85


State 146

   45 MatchedStmt: TOKEN_if TOKEN_l_paren Cond . TOKEN_r_paren MatchedStmt TOKEN_else MatchedStmt
   55 OpenStmt: TOKEN_if TOKEN_l_paren Cond . TOKEN_r_paren Stmt
   56         | TOKEN_if TOKEN_l_paren Cond . TOKEN_r_paren MatchedStmt TOKEN_else OpenStmt
   82 Cond: Cond . TOKEN_ampamp Cond
   83     | Cond . TOKEN_pipepipe Cond

    TOKEN_r_paren   shift, and go to state 159
    TOKEN_ampamp    shift, and go to state 160
    TOKEN_pipepipe  shift, and go to state 161


State 147

   50 MatchedStmt: TOKEN_while TOKEN_l_paren Cond . TOKEN_r_paren MatchedStmt
   57 OpenStmt: TOKEN_while TOKEN_l_paren Cond . TOKEN_r_paren OpenStmt
   82 Cond: Cond . TOKEN_ampamp Cond
   83     | Cond . TOKEN_pipepipe Cond

    TOKEN_r_paren   shift, and go to state 162
    TOKEN_ampamp    shift, and go to state 160
    TOKEN_pipepipe  shift, and go to state 161


State 148

   53 MatchedStmt: TOKEN_return Exp TOKEN_semi .

    $default  reduce using rule 53 (MatchedStmt)


State 149

   46 MatchedStmt: LVal TOKEN_equal Exp . TOKEN_semi
   58 Exp: Exp . TOKEN_plus Exp
   59    | Exp . TOKEN_minus Exp
   60    | Exp . TOKEN_star Exp
   61    | Exp . TOKEN_slash Exp
   62    | Exp . TOKEN_percent Exp

    TOKEN_semi     shift, and go to state 163
    TOKEN_plus     shift, and go to state 81
    TOKEN_minus    shift, and go to state 82
    TOKEN_star     shift, and go to state 83
    TOKEN_slash    shift, and go to state 84
    TOKEN_percent  shift, and go to state 85


State 150

   58 Exp: Exp . TOKEN_plus Exp
   59    | Exp . TOKEN_minus Exp
   60    | Exp . TOKEN_star Exp
   61    | Exp . TOKEN_slash Exp
   62    | Exp . TOKEN_percent Exp
   65    | TOKEN_l_paren Exp . TOKEN_r_paren
   74 Cond: Exp . TOKEN_equalequal Exp
   75     | Exp . TOKEN_exclaimequal Exp
   76     | Exp . TOKEN_less Exp
   77     | Exp . TOKEN_greater Exp
   78     | Exp . TOKEN_lessequal Exp
   79     | Exp . TOKEN_greaterequal Exp

    TOKEN_r_paren       shift, and go to state 103
    TOKEN_equalequal    shift, and go to state 153
    TOKEN_exclaimequal  shift, and go to state 154
    TOKEN_less          shift, and go to state 155
    TOKEN_greater       shift, and go to state 156
    TOKEN_lessequal     shift, and go to state 157
    TOKEN_greaterequal  shift, and go to state 158
    TOKEN_plus          shift, and go to state 81
    TOKEN_minus         shift, and go to state 82
    TOKEN_star          shift, and go to state 83
    TOKEN_slash         shift, and go to state 84
    TOKEN_percent       shift, and go to state 85


State 151

   80 Cond: TOKEN_l_paren Cond . TOKEN_r_paren
   82     | Cond . TOKEN_ampamp Cond
   83     | Cond . TOKEN_pipepipe Cond

    TOKEN_r_paren   shift, and go to state 164
    TOKEN_ampamp    shift, and go to state 160
    TOKEN_pipepipe  shift, and go to state 161


State 152

   81 Cond: TOKEN_exclaim Cond .
   82     | Cond . TOKEN_ampamp Cond
   83     | Cond . TOKEN_pipepipe Cond

    $default  reduce using rule 81 (Cond)


State 153

   74 Cond: Exp TOKEN_equalequal . Exp

    TOKEN_identifier        shift, and go to state 48
    TOKEN_numeric_constant  shift, and go to state 42
    TOKEN_l_paren           shift, and go to state 50
    TOKEN_plus              shift, and go to state 51
    TOKEN_minus             shift, and go to state 52

    Exp     go to state 165
    LVal    go to state 55
    Number  go to state 56


State 154

   75 Cond: Exp TOKEN_exclaimequal . Exp

    TOKEN_identifier        shift, and go to state 48
    TOKEN_numeric_constant  shift, and go to state 42
    TOKEN_l_paren           shift, and go to state 50
    TOKEN_plus              shift, and go to state 51
    TOKEN_minus             shift, and go to state 52

    Exp     go to state 166
    LVal    go to state 55
    Number  go to state 56


State 155

   76 Cond: Exp TOKEN_less . Exp

    TOKEN_identifier        shift, and go to state 48
    TOKEN_numeric_constant  shift, and go to state 42
    TOKEN_l_paren           shift, and go to state 50
    TOKEN_plus              shift, and go to state 51
    TOKEN_minus             shift, and go to state 52

    Exp     go to state 167
    LVal    go to state 55
    Number  go to state 56


State 156

   77 Cond: Exp TOKEN_greater . Exp

    TOKEN_identifier        shift, and go to state 48
    TOKEN_numeric_constant  shift, and go to state 42
    TOKEN_l_paren           shift, and go to state 50
    TOKEN_plus              shift, and go to state 51
    TOKEN_minus             shift, and go to state 52

    Exp     go to state 168
    LVal    go to state 55
    Number  go to state 56


State 157

   78 Cond: Exp TOKEN_lessequal . Exp

    TOKEN_identifier        shift, and go to state 48
    TOKEN_numeric_constant  shift, and go to state 42
    TOKEN_l_paren           shift, and go to state 50
    TOKEN_plus              shift, and go to state 51
    TOKEN_minus             shift, and go to state 52

    Exp     go to state 169
    LVal    go to state 55
    Number  go to state 56


State 158

   79 Cond: Exp TOKEN_greaterequal . Exp

    TOKEN_identifier        shift, and go to state 48
    TOKEN_numeric_constant  shift, and go to state 42
    TOKEN_l_paren           shift, and go to state 50
    TOKEN_plus              shift, and go to state 51
    TOKEN_minus             shift, and go to state 52

    Exp     go to state 170
    LVal    go to state 55
    Number  go to state 56


State 159

   45 MatchedStmt: TOKEN_if TOKEN_l_paren Cond TOKEN_r_paren . MatchedStmt TOKEN_else MatchedStmt
   55 OpenStmt: TOKEN_if TOKEN_l_paren Cond TOKEN_r_paren . Stmt
   56         | TOKEN_if TOKEN_l_paren Cond TOKEN_r_paren . MatchedStmt TOKEN_else OpenStmt

    TOKEN_identifier        shift, and go to state 48
    TOKEN_numeric_constant  shift, and go to state 42
    TOKEN_if                shift, and go to state 113
    TOKEN_while             shift, and go to state 114
    TOKEN_break             shift, and go to state 115
    TOKEN_continue          shift, and go to state 116
    TOKEN_return            shift, and go to state 117
    TOKEN_semi              shift, and go to state 118
    TOKEN_l_brace           shift, and go to state 63
    TOKEN_l_paren           shift, and go to state 50
    TOKEN_plus              shift, and go to state 51
    TOKEN_minus             shift, and go to state 52

    Block        go to state 121
    Stmt         go to state 171
    MatchedStmt  go to state 172
    OpenStmt     go to state 125
    Exp          go to state 126
    LVal         go to state 127
    Number       go to state 56


State 160

   82 Cond: Cond TOKEN_ampamp . Cond

    TOKEN_identifier        shift, and go to state 48
    TOKEN_numeric_constant  shift, and go to state 42
    TOKEN_l_paren           shift, and go to state 143
    TOKEN_exclaim           shift, and go to state 144
    TOKEN_plus              shift, and go to state 51
    TOKEN_minus             shift, and go to state 52

    Exp     go to state 145
    LVal    go to state 55
    Cond    go to state 173
    Number  go to state 56


State 161

   83 Cond: Cond TOKEN_pipepipe . Cond

    TOKEN_identifier        shift, and go to state 48
    TOKEN_numeric_constant  shift, and go to state 42
    TOKEN_l_paren           shift, and go to state 143
    TOKEN_exclaim           shift, and go to state 144
    TOKEN_plus              shift, and go to state 51
    TOKEN_minus             shift, and go to state 52

    Exp     go to state 145
    LVal    go to state 55
    Cond    go to state 174
    Number  go to state 56


State 162

   50 MatchedStmt: TOKEN_while TOKEN_l_paren Cond TOKEN_r_paren . MatchedStmt
   57 OpenStmt: TOKEN_while TOKEN_l_paren Cond TOKEN_r_paren . OpenStmt

    TOKEN_identifier        shift, and go to state 48
    TOKEN_numeric_constant  shift, and go to state 42
    TOKEN_if                shift, and go to state 113
    TOKEN_while             shift, and go to state 114
    TOKEN_break             shift, and go to state 115
    TOKEN_continue          shift, and go to state 116
    TOKEN_return            shift, and go to state 117
    TOKEN_semi              shift, and go to state 118
    TOKEN_l_brace           shift, and go to state 63
    TOKEN_l_paren           shift, and go to state 50
    TOKEN_plus              shift, and go to state 51
    TOKEN_minus             shift, and go to state 52

    Block        go to state 121
    MatchedStmt  go to state 175
    OpenStmt     go to state 176
    Exp          go to state 126
    LVal         go to state 127
    Number       go to state 56


State 163

   46 MatchedStmt: LVal TOKEN_equal Exp TOKEN_semi .

    $default  reduce using rule 46 (MatchedStmt)


State 164

   80 Cond: TOKEN_l_paren Cond TOKEN_r_paren .

    $default  reduce using rule 80 (Cond)


State 165

   58 Exp: Exp . TOKEN_plus Exp
   59    | Exp . TOKEN_minus Exp
   60    | Exp . TOKEN_star Exp
   61    | Exp . TOKEN_slash Exp
   62    | Exp . TOKEN_percent Exp
   74 Cond: Exp TOKEN_equalequal Exp .

    TOKEN_plus     shift, and go to state 81
    TOKEN_minus    shift, and go to state 82
    TOKEN_star     shift, and go to state 83
    TOKEN_slash    shift, and go to state 84
    TOKEN_percent  shift, and go to state 85

    $default  reduce using rule 74 (Cond)


State 166

   58 Exp: Exp . TOKEN_plus Exp
   59    | Exp . TOKEN_minus Exp
   60    | Exp . TOKEN_star Exp
   61    | Exp . TOKEN_slash Exp
   62    | Exp . TOKEN_percent Exp
   75 Cond: Exp TOKEN_exclaimequal Exp .

    TOKEN_plus     shift, and go to state 81
    TOKEN_minus    shift, and go to state 82
    TOKEN_star     shift, and go to state 83
    TOKEN_slash    shift, and go to state 84
    TOKEN_percent  shift, and go to state 85

    $default  reduce using rule 75 (Cond)


State 167

   58 Exp: Exp . TOKEN_plus Exp
   59    | Exp . TOKEN_minus Exp
   60    | Exp . TOKEN_star Exp
   61    | Exp . TOKEN_slash Exp
   62    | Exp . TOKEN_percent Exp
   76 Cond: Exp TOKEN_less Exp .

    TOKEN_plus     shift, and go to state 81
    TOKEN_minus    shift, and go to state 82
    TOKEN_star     shift, and go to state 83
    TOKEN_slash    shift, and go to state 84
    TOKEN_percent  shift, and go to state 85

    $default  reduce using rule 76 (Cond)


State 168

   58 Exp: Exp . TOKEN_plus Exp
   59    | Exp . TOKEN_minus Exp
   60    | Exp . TOKEN_star Exp
   61    | Exp . TOKEN_slash Exp
   62    | Exp . TOKEN_percent Exp
   77 Cond: Exp TOKEN_greater Exp .

    TOKEN_plus     shift, and go to state 81
    TOKEN_minus    shift, and go to state 82
    TOKEN_star     shift, and go to state 83
    TOKEN_slash    shift, and go to state 84
    TOKEN_percent  shift, and go to state 85

    $default  reduce using rule 77 (Cond)


State 169

   58 Exp: Exp . TOKEN_plus Exp
   59    | Exp . TOKEN_minus Exp
   60    | Exp . TOKEN_star Exp
   61    | Exp . TOKEN_slash Exp
   62    | Exp . TOKEN_percent Exp
   78 Cond: Exp TOKEN_lessequal Exp .

    TOKEN_plus     shift, and go to state 81
    TOKEN_minus    shift, and go to state 82
    TOKEN_star     shift, and go to state 83
    TOKEN_slash    shift, and go to state 84
    TOKEN_percent  shift, and go to state 85

    $default  reduce using rule 78 (Cond)


State 170

   58 Exp: Exp . TOKEN_plus Exp
   59    | Exp . TOKEN_minus Exp
   60    | Exp . TOKEN_star Exp
   61    | Exp . TOKEN_slash Exp
   62    | Exp . TOKEN_percent Exp
   79 Cond: Exp TOKEN_greaterequal Exp .

    TOKEN_plus     shift, and go to state 81
    TOKEN_minus    shift, and go to state 82
    TOKEN_star     shift, and go to state 83
    TOKEN_slash    shift, and go to state 84
    TOKEN_percent  shift, and go to state 85

    $default  reduce using rule 79 (Cond)


State 171

   55 OpenStmt: TOKEN_if TOKEN_l_paren Cond TOKEN_r_paren Stmt .

    $default  reduce using rule 55 (OpenStmt)


State 172

   43 Stmt: MatchedStmt .
   45 MatchedStmt: TOKEN_if TOKEN_l_paren Cond TOKEN_r_paren MatchedStmt . TOKEN_else MatchedStmt
   56 OpenStmt: TOKEN_if TOKEN_l_paren Cond TOKEN_r_paren MatchedStmt . TOKEN_else OpenStmt

    TOKEN_else  shift, and go to state 177

    $default  reduce using rule 43 (Stmt)


State 173

   82 Cond: Cond . TOKEN_ampamp Cond
   82     | Cond TOKEN_ampamp Cond .
   83     | Cond . TOKEN_pipepipe Cond

    TOKEN_ampamp    error (nonassociative)
    TOKEN_pipepipe  error (nonassociative)

    $default  reduce using rule 82 (Cond)


State 174

   82 Cond: Cond . TOKEN_ampamp Cond
   83     | Cond . TOKEN_pipepipe Cond
   83     | Cond TOKEN_pipepipe Cond .

    TOKEN_ampamp    error (nonassociative)
    TOKEN_pipepipe  error (nonassociative)

    $default  reduce using rule 83 (Cond)


State 175

   50 MatchedStmt: TOKEN_while TOKEN_l_paren Cond TOKEN_r_paren MatchedStmt .

    $default  reduce using rule 50 (MatchedStmt)


State 176

   57 OpenStmt: TOKEN_while TOKEN_l_paren Cond TOKEN_r_paren OpenStmt .

    $default  reduce using rule 57 (OpenStmt)


State 177

   45 MatchedStmt: TOKEN_if TOKEN_l_paren Cond TOKEN_r_paren MatchedStmt TOKEN_else . MatchedStmt
   56 OpenStmt: TOKEN_if TOKEN_l_paren Cond TOKEN_r_paren MatchedStmt TOKEN_else . OpenStmt

    TOKEN_identifier        shift, and go to state 48
    TOKEN_numeric_constant  shift, and go to state 42
    TOKEN_if                shift, and go to state 113
    TOKEN_while             shift, and go to state 114
    TOKEN_break             shift, and go to state 115
    TOKEN_continue          shift, and go to state 116
    TOKEN_return            shift, and go to state 117
    TOKEN_semi              shift, and go to state 118
    TOKEN_l_brace           shift, and go to state 63
    TOKEN_l_paren           shift, and go to state 50
    TOKEN_plus              shift, and go to state 51
    TOKEN_minus             shift, and go to state 52

    Block        go to state 121
    MatchedStmt  go to state 178
    OpenStmt     go to state 179
    Exp          go to state 126
    LVal         go to state 127
    Number       go to state 56


State 178

   45 MatchedStmt: TOKEN_if TOKEN_l_paren Cond TOKEN_r_paren MatchedStmt TOKEN_else MatchedStmt .

    $default  reduce using rule 45 (MatchedStmt)


State 179

   56 OpenStmt: TOKEN_if TOKEN_l_paren Cond TOKEN_r_paren MatchedStmt TOKEN_else OpenStmt .

    $default  reduce using rule 56 (OpenStmt)
